[    1115ms] [INFO] %cDownload the React DevTools for a better development experience: https://react.dev/link/react-devtools font-weight:bold @ http://localhost:3001/_next/static/chunks/node_modules_next_dist_f3530cac._.js:2297
[    1258ms] [LOG] [HMR] connected @ http://localhost:3001/_next/static/chunks/node_modules_next_dist_f3530cac._.js:2297
[   33787ms] [ERROR] WebSocket connection to 'ws://localhost:3001/_next/webpack-hmr?id=TgtGfRcGTSxmItfbYOORD' failed: Error in connection establishment: net::ERR_CONNECTION_REFUSED @ http://localhost:3001/_next/static/chunks/node_modules_next_dist_client_17643121._.js:10876
[   34791ms] [ERROR] WebSocket connection to 'ws://localhost:3001/_next/webpack-hmr?id=TgtGfRcGTSxmItfbYOORD' failed: Error in connection establishment: net::ERR_CONNECTION_REFUSED @ http://localhost:3001/_next/static/chunks/node_modules_next_dist_client_17643121._.js:10876
[   35795ms] [ERROR] WebSocket connection to 'ws://localhost:3001/_next/webpack-hmr?id=TgtGfRcGTSxmItfbYOORD' failed: Error in connection establishment: net::ERR_CONNECTION_REFUSED @ http://localhost:3001/_next/static/chunks/node_modules_next_dist_client_17643121._.js:10876
[   36801ms] [ERROR] WebSocket connection to 'ws://localhost:3001/_next/webpack-hmr?id=TgtGfRcGTSxmItfbYOORD' failed: Error in connection establishment: net::ERR_CONNECTION_REFUSED @ http://localhost:3001/_next/static/chunks/node_modules_next_dist_client_17643121._.js:10876
[   37803ms] [ERROR] WebSocket connection to 'ws://localhost:3001/_next/webpack-hmr?id=TgtGfRcGTSxmItfbYOORD' failed: Error in connection establishment: net::ERR_CONNECTION_REFUSED @ http://localhost:3001/_next/static/chunks/node_modules_next_dist_client_17643121._.js:10876
[   42809ms] [ERROR] WebSocket connection to 'ws://localhost:3001/_next/webpack-hmr?id=TgtGfRcGTSxmItfbYOORD' failed: Error in connection establishment: net::ERR_CONNECTION_REFUSED @ http://localhost:3001/_next/static/chunks/node_modules_next_dist_client_17643121._.js:10876
[   47813ms] [ERROR] WebSocket connection to 'ws://localhost:3001/_next/webpack-hmr?id=TgtGfRcGTSxmItfbYOORD' failed: Error in connection establishment: net::ERR_CONNECTION_REFUSED @ http://localhost:3001/_next/static/chunks/node_modules_next_dist_client_17643121._.js:10876
[   52818ms] [ERROR] WebSocket connection to 'ws://localhost:3001/_next/webpack-hmr?id=TgtGfRcGTSxmItfbYOORD' failed: Error in connection establishment: net::ERR_CONNECTION_REFUSED @ http://localhost:3001/_next/static/chunks/node_modules_next_dist_client_17643121._.js:10876
[   57822ms] [ERROR] WebSocket connection to 'ws://localhost:3001/_next/webpack-hmr?id=TgtGfRcGTSxmItfbYOORD' failed: Error in connection establishment: net::ERR_CONNECTION_REFUSED @ http://localhost:3001/_next/static/chunks/node_modules_next_dist_client_17643121._.js:10876
[   62828ms] [ERROR] WebSocket connection to 'ws://localhost:3001/_next/webpack-hmr?id=TgtGfRcGTSxmItfbYOORD' failed: Error in connection establishment: net::ERR_CONNECTION_REFUSED @ http://localhost:3001/_next/static/chunks/node_modules_next_dist_client_17643121._.js:10876
[   67838ms] [ERROR] WebSocket connection to 'ws://localhost:3001/_next/webpack-hmr?id=TgtGfRcGTSxmItfbYOORD' failed: Error in connection establishment: net::ERR_CONNECTION_REFUSED @ http://localhost:3001/_next/static/chunks/node_modules_next_dist_client_17643121._.js:10876
[   72845ms] [ERROR] WebSocket connection to 'ws://localhost:3001/_next/webpack-hmr?id=TgtGfRcGTSxmItfbYOORD' failed: Error in connection establishment: net::ERR_CONNECTION_REFUSED @ http://localhost:3001/_next/static/chunks/node_modules_next_dist_client_17643121._.js:10876
[   92358ms] [INFO] %cDownload the React DevTools for a better development experience: https://react.dev/link/react-devtools font-weight:bold @ http://localhost:3001/_next/static/chunks/node_modules_next_dist_f3530cac._.js:2297
[   92412ms] [LOG] [HMR] connected @ http://localhost:3001/_next/static/chunks/node_modules_next_dist_f3530cac._.js:2297
[   99270ms] [LOG] [Fast Refresh] rebuilding @ http://localhost:3001/_next/static/chunks/node_modules_next_dist_f3530cac._.js:2297
[   99300ms] [LOG] [Fast Refresh] done in 131ms @ http://localhost:3001/_next/static/chunks/node_modules_next_dist_f3530cac._.js:2297
[  100960ms] [INFO] %cDownload the React DevTools for a better development experience: https://react.dev/link/react-devtools font-weight:bold @ http://localhost:3001/_next/static/chunks/node_modules_next_dist_f3530cac._.js:2297
[  101009ms] [LOG] [HMR] connected @ http://localhost:3001/_next/static/chunks/node_modules_next_dist_f3530cac._.js:2297
[  103683ms] [LOG] [Fast Refresh] rebuilding @ http://localhost:3001/_next/static/chunks/node_modules_next_dist_f3530cac._.js:2297
[  103798ms] [LOG] [Fast Refresh] done in 216ms @ http://localhost:3001/_next/static/chunks/node_modules_next_dist_f3530cac._.js:2297
[  115163ms] [LOG] [Fast Refresh] rebuilding @ http://localhost:3001/_next/static/chunks/node_modules_next_dist_f3530cac._.js:2297
[  115430ms] [LOG] [Fast Refresh] done in 368ms @ http://localhost:3001/_next/static/chunks/node_modules_next_dist_f3530cac._.js:2297
[  335270ms] [LOG] [Fast Refresh] rebuilding @ http://localhost:3001/_next/static/chunks/node_modules_next_dist_f3530cac._.js:2297
[  335317ms] [LOG] [Fast Refresh] done in 55ms @ http://localhost:3001/_next/static/chunks/node_modules_next_dist_f3530cac._.js:2297
[  335607ms] [LOG] [Fast Refresh] rebuilding @ http://localhost:3001/_next/static/chunks/node_modules_next_dist_f3530cac._.js:2297
[  335693ms] [LOG] [Fast Refresh] done in 186ms @ http://localhost:3001/_next/static/chunks/node_modules_next_dist_f3530cac._.js:2297
[  346080ms] [LOG] [Fast Refresh] rebuilding @ http://localhost:3001/_next/static/chunks/node_modules_next_dist_f3530cac._.js:2297
[  346301ms] [LOG] [Fast Refresh] done in 19ms @ http://localhost:3001/_next/static/chunks/node_modules_next_dist_f3530cac._.js:2297
[  369233ms] [LOG] [Fast Refresh] rebuilding @ http://localhost:3001/_next/static/chunks/node_modules_next_dist_f3530cac._.js:2297
[  369381ms] [LOG] [Fast Refresh] done in 250ms @ http://localhost:3001/_next/static/chunks/node_modules_next_dist_f3530cac._.js:2297
[  369542ms] [LOG] [Fast Refresh] rebuilding @ http://localhost:3001/_next/static/chunks/node_modules_next_dist_f3530cac._.js:2297
[  369549ms] [LOG] [Fast Refresh] done in 93ms @ http://localhost:3001/_next/static/chunks/node_modules_next_dist_f3530cac._.js:2297
[  372388ms] [LOG] [Fast Refresh] rebuilding @ http://localhost:3001/_next/static/chunks/node_modules_next_dist_f3530cac._.js:2297
[  372446ms] [LOG] [Fast Refresh] done in 159ms @ http://localhost:3001/_next/static/chunks/node_modules_next_dist_f3530cac._.js:2297
[  380713ms] [LOG] [Fast Refresh] rebuilding @ http://localhost:3001/_next/static/chunks/node_modules_next_dist_f3530cac._.js:2297
[  380722ms] [LOG] [Fast Refresh] done in 109ms @ http://localhost:3001/_next/static/chunks/node_modules_next_dist_f3530cac._.js:2297
[  396009ms] [LOG] [Fast Refresh] rebuilding @ http://localhost:3001/_next/static/chunks/node_modules_next_dist_f3530cac._.js:2297
[  396037ms] [LOG] [Fast Refresh] done in 32ms @ http://localhost:3001/_next/static/chunks/node_modules_next_dist_f3530cac._.js:2297
[  402624ms] [LOG] [Fast Refresh] rebuilding @ http://localhost:3001/_next/static/chunks/node_modules_next_dist_f3530cac._.js:2297
[  402631ms] [LOG] [Fast Refresh] done in 107ms @ http://localhost:3001/_next/static/chunks/node_modules_next_dist_f3530cac._.js:2297
[  413361ms] [LOG] [Fast Refresh] rebuilding @ http://localhost:3001/_next/static/chunks/node_modules_next_dist_f3530cac._.js:2297
[  413386ms] [LOG] [Fast Refresh] done in 25ms @ http://localhost:3001/_next/static/chunks/node_modules_next_dist_f3530cac._.js:2297
[  440247ms] [LOG] [Fast Refresh] rebuilding @ http://localhost:3001/_next/static/chunks/node_modules_next_dist_f3530cac._.js:2297
[  440322ms] [LOG] [Fast Refresh] done in 176ms @ http://localhost:3001/_next/static/chunks/node_modules_next_dist_f3530cac._.js:2297
[  518379ms] [LOG] [Fast Refresh] rebuilding @ http://localhost:3001/_next/static/chunks/node_modules_next_dist_f3530cac._.js:2297
[  518553ms] [LOG] [Fast Refresh] done in 25ms @ http://localhost:3001/_next/static/chunks/node_modules_next_dist_f3530cac._.js:2297
[  556593ms] [ERROR] WebSocket connection to 'ws://localhost:3001/_next/webpack-hmr?id=0rEZoJp1uWLU9JGZTVFQs' failed: Error in connection establishment: net::ERR_CONNECTION_REFUSED @ http://localhost:3001/_next/static/chunks/node_modules_next_dist_client_17643121._.js:10876
[  557597ms] [ERROR] WebSocket connection to 'ws://localhost:3001/_next/webpack-hmr?id=0rEZoJp1uWLU9JGZTVFQs' failed: Error in connection establishment: net::ERR_CONNECTION_REFUSED @ http://localhost:3001/_next/static/chunks/node_modules_next_dist_client_17643121._.js:10876
[  558602ms] [ERROR] WebSocket connection to 'ws://localhost:3001/_next/webpack-hmr?id=0rEZoJp1uWLU9JGZTVFQs' failed: Error in connection establishment: net::ERR_CONNECTION_REFUSED @ http://localhost:3001/_next/static/chunks/node_modules_next_dist_client_17643121._.js:10876
[  559609ms] [ERROR] WebSocket connection to 'ws://localhost:3001/_next/webpack-hmr?id=0rEZoJp1uWLU9JGZTVFQs' failed: Error in connection establishment: net::ERR_CONNECTION_REFUSED @ http://localhost:3001/_next/static/chunks/node_modules_next_dist_client_17643121._.js:10876
[  560615ms] [ERROR] WebSocket connection to 'ws://localhost:3001/_next/webpack-hmr?id=0rEZoJp1uWLU9JGZTVFQs' failed: Error in connection establishment: net::ERR_CONNECTION_REFUSED @ http://localhost:3001/_next/static/chunks/node_modules_next_dist_client_17643121._.js:10876
[  565619ms] [ERROR] WebSocket connection to 'ws://localhost:3001/_next/webpack-hmr?id=0rEZoJp1uWLU9JGZTVFQs' failed: Error in connection establishment: net::ERR_CONNECTION_REFUSED @ http://localhost:3001/_next/static/chunks/node_modules_next_dist_client_17643121._.js:10876
[  570630ms] [ERROR] WebSocket connection to 'ws://localhost:3001/_next/webpack-hmr?id=0rEZoJp1uWLU9JGZTVFQs' failed: Error in connection establishment: net::ERR_CONNECTION_REFUSED @ http://localhost:3001/_next/static/chunks/node_modules_next_dist_client_17643121._.js:10876
[  575660ms] [ERROR] WebSocket connection to 'ws://localhost:3001/_next/webpack-hmr?id=0rEZoJp1uWLU9JGZTVFQs' failed: Error in connection establishment: net::ERR_CONNECTION_REFUSED @ http://localhost:3001/_next/static/chunks/node_modules_next_dist_client_17643121._.js:10876
[  580679ms] [ERROR] WebSocket connection to 'ws://localhost:3001/_next/webpack-hmr?id=0rEZoJp1uWLU9JGZTVFQs' failed: Error in connection establishment: net::ERR_CONNECTION_REFUSED @ http://localhost:3001/_next/static/chunks/node_modules_next_dist_client_17643121._.js:10876
[  585728ms] [ERROR] WebSocket connection to 'ws://localhost:3001/_next/webpack-hmr?id=0rEZoJp1uWLU9JGZTVFQs' failed: Error in connection establishment: net::ERR_CONNECTION_REFUSED @ http://localhost:3001/_next/static/chunks/node_modules_next_dist_client_17643121._.js:10876
[  590789ms] [ERROR] WebSocket connection to 'ws://localhost:3001/_next/webpack-hmr?id=0rEZoJp1uWLU9JGZTVFQs' failed: Error in connection establishment: net::ERR_CONNECTION_REFUSED @ http://localhost:3001/_next/static/chunks/node_modules_next_dist_client_17643121._.js:10876
[  595980ms] [ERROR] WebSocket connection to 'ws://localhost:3001/_next/webpack-hmr?id=0rEZoJp1uWLU9JGZTVFQs' failed: Error in connection establishment: net::ERR_CONNECTION_REFUSED @ http://localhost:3001/_next/static/chunks/node_modules_next_dist_client_17643121._.js:10876
[  960538ms] [INFO] %cDownload the React DevTools for a better development experience: https://react.dev/link/react-devtools font-weight:bold @ http://localhost:3001/_next/static/chunks/node_modules_next_dist_f3530cac._.js:2297
[  960635ms] [LOG] [HMR] connected @ http://localhost:3001/_next/static/chunks/node_modules_next_dist_f3530cac._.js:2297
[  964606ms] [LOG] [Fast Refresh] rebuilding @ http://localhost:3001/_next/static/chunks/node_modules_next_dist_f3530cac._.js:2297
[  964747ms] [LOG] [Fast Refresh] done in 242ms @ http://localhost:3001/_next/static/chunks/node_modules_next_dist_f3530cac._.js:2297
[ 1041534ms] [LOG] [Fast Refresh] rebuilding @ http://localhost:3001/_next/static/chunks/node_modules_next_dist_f3530cac._.js:2297
[ 1041599ms] [LOG] [Fast Refresh] done in 167ms @ http://localhost:3001/_next/static/chunks/node_modules_next_dist_f3530cac._.js:2297
[ 1043159ms] [LOG] [Fast Refresh] rebuilding @ http://localhost:3001/_next/static/chunks/node_modules_next_dist_f3530cac._.js:2297
[ 1043168ms] [LOG] [Fast Refresh] done in 110ms @ http://localhost:3001/_next/static/chunks/node_modules_next_dist_f3530cac._.js:2297
[ 1213687ms] [ERROR] WebSocket connection to 'ws://localhost:3001/_next/webpack-hmr?id=mlzZl3YozjfIONDAFEqJs' failed: Error in connection establishment: net::ERR_CONNECTION_REFUSED @ http://localhost:3001/_next/static/chunks/node_modules_next_dist_client_17643121._.js:10876
[ 1214691ms] [ERROR] WebSocket connection to 'ws://localhost:3001/_next/webpack-hmr?id=mlzZl3YozjfIONDAFEqJs' failed: Error in connection establishment: net::ERR_CONNECTION_REFUSED @ http://localhost:3001/_next/static/chunks/node_modules_next_dist_client_17643121._.js:10876
[ 1215697ms] [ERROR] WebSocket connection to 'ws://localhost:3001/_next/webpack-hmr?id=mlzZl3YozjfIONDAFEqJs' failed: Error in connection establishment: net::ERR_CONNECTION_REFUSED @ http://localhost:3001/_next/static/chunks/node_modules_next_dist_client_17643121._.js:10876
[ 1216702ms] [ERROR] WebSocket connection to 'ws://localhost:3001/_next/webpack-hmr?id=mlzZl3YozjfIONDAFEqJs' failed: Error in connection establishment: net::ERR_CONNECTION_REFUSED @ http://localhost:3001/_next/static/chunks/node_modules_next_dist_client_17643121._.js:10876
[ 1217707ms] [ERROR] WebSocket connection to 'ws://localhost:3001/_next/webpack-hmr?id=mlzZl3YozjfIONDAFEqJs' failed: Error in connection establishment: net::ERR_CONNECTION_REFUSED @ http://localhost:3001/_next/static/chunks/node_modules_next_dist_client_17643121._.js:10876
[ 1222715ms] [ERROR] WebSocket connection to 'ws://localhost:3001/_next/webpack-hmr?id=mlzZl3YozjfIONDAFEqJs' failed: Error in connection establishment: net::ERR_CONNECTION_REFUSED @ http://localhost:3001/_next/static/chunks/node_modules_next_dist_client_17643121._.js:10876
[ 1227729ms] [ERROR] WebSocket connection to 'ws://localhost:3001/_next/webpack-hmr?id=mlzZl3YozjfIONDAFEqJs' failed: Error in connection establishment: net::ERR_CONNECTION_REFUSED @ http://localhost:3001/_next/static/chunks/node_modules_next_dist_client_17643121._.js:10876
[ 1232741ms] [ERROR] WebSocket connection to 'ws://localhost:3001/_next/webpack-hmr?id=mlzZl3YozjfIONDAFEqJs' failed: Error in connection establishment: net::ERR_CONNECTION_REFUSED @ http://localhost:3001/_next/static/chunks/node_modules_next_dist_client_17643121._.js:10876
[ 1237768ms] [ERROR] WebSocket connection to 'ws://localhost:3001/_next/webpack-hmr?id=mlzZl3YozjfIONDAFEqJs' failed: Error in connection establishment: net::ERR_CONNECTION_REFUSED @ http://localhost:3001/_next/static/chunks/node_modules_next_dist_client_17643121._.js:10876
[ 1242827ms] [ERROR] WebSocket connection to 'ws://localhost:3001/_next/webpack-hmr?id=mlzZl3YozjfIONDAFEqJs' failed: Error in connection establishment: net::ERR_CONNECTION_REFUSED @ http://localhost:3001/_next/static/chunks/node_modules_next_dist_client_17643121._.js:10876
[ 1247922ms] [ERROR] WebSocket connection to 'ws://localhost:3001/_next/webpack-hmr?id=mlzZl3YozjfIONDAFEqJs' failed: Error in connection establishment: net::ERR_CONNECTION_REFUSED @ http://localhost:3001/_next/static/chunks/node_modules_next_dist_client_17643121._.js:10876
[ 1253205ms] [ERROR] WebSocket connection to 'ws://localhost:3001/_next/webpack-hmr?id=mlzZl3YozjfIONDAFEqJs' failed: Error in connection establishment: net::ERR_CONNECTION_REFUSED @ http://localhost:3001/_next/static/chunks/node_modules_next_dist_client_17643121._.js:10876
