[    1173ms] [INFO] %cDownload the React DevTools for a better development experience: https://react.dev/link/react-devtools font-weight:bold @ http://localhost:3001/_next/static/chunks/node_modules_next_dist_f3530cac._.js:2297
[    1231ms] [LOG] [HMR] connected @ http://localhost:3001/_next/static/chunks/node_modules_next_dist_f3530cac._.js:2297
[  941610ms] [LOG] [Fast Refresh] rebuilding @ http://localhost:3001/_next/static/chunks/node_modules_next_dist_f3530cac._.js:2297
[  941964ms] [LOG] [Fast Refresh] done in 168ms @ http://localhost:3001/_next/static/chunks/node_modules_next_dist_f3530cac._.js:2297
[  972803ms] [LOG] [Fast Refresh] rebuilding @ http://localhost:3001/_next/static/chunks/node_modules_next_dist_f3530cac._.js:2297
[  972873ms] [LOG] [Fast Refresh] done in 25ms @ http://localhost:3001/_next/static/chunks/node_modules_next_dist_f3530cac._.js:2297
[  973298ms] [LOG] [Fast Refresh] rebuilding @ http://localhost:3001/_next/static/chunks/node_modules_next_dist_f3530cac._.js:2297
[  973314ms] [LOG] [Fast Refresh] done in 118ms @ http://localhost:3001/_next/static/chunks/node_modules_next_dist_f3530cac._.js:2297
[  974253ms] [LOG] [Fast Refresh] rebuilding @ http://localhost:3001/_next/static/chunks/node_modules_next_dist_f3530cac._.js:2297
[  974789ms] [LOG] [Fast Refresh] done in 569ms @ http://localhost:3001/_next/static/chunks/node_modules_next_dist_f3530cac._.js:2297
[  976521ms] [INFO] %cDownload the React DevTools for a better development experience: https://react.dev/link/react-devtools font-weight:bold @ http://localhost:3001/_next/static/chunks/node_modules_next_dist_f3530cac._.js:2297
[  976627ms] [LOG] [HMR] connected @ http://localhost:3001/_next/static/chunks/node_modules_next_dist_f3530cac._.js:2297
[  977517ms] [LOG] [Fast Refresh] rebuilding @ http://localhost:3001/_next/static/chunks/node_modules_next_dist_f3530cac._.js:2297
[  977519ms] [LOG] [Fast Refresh] done in 103ms @ http://localhost:3001/_next/static/chunks/node_modules_next_dist_f3530cac._.js:2297
[ 1060767ms] [LOG] [Fast Refresh] rebuilding @ http://localhost:3001/_next/static/chunks/node_modules_next_dist_f3530cac._.js:2297
[ 1060873ms] [LOG] [Fast Refresh] done in 64ms @ http://localhost:3001/_next/static/chunks/node_modules_next_dist_f3530cac._.js:2297
[ 1090883ms] [LOG] [Fast Refresh] rebuilding @ http://localhost:3001/_next/static/chunks/node_modules_next_dist_f3530cac._.js:2297
[ 1090993ms] [LOG] [Fast Refresh] done in 39ms @ http://localhost:3001/_next/static/chunks/node_modules_next_dist_f3530cac._.js:2297
[ 1092204ms] [LOG] [Fast Refresh] rebuilding @ http://localhost:3001/_next/static/chunks/node_modules_next_dist_f3530cac._.js:2297
[ 1092232ms] [LOG] [Fast Refresh] done in 24ms @ http://localhost:3001/_next/static/chunks/node_modules_next_dist_f3530cac._.js:2297
[ 1100221ms] [LOG] [Fast Refresh] rebuilding @ http://localhost:3001/_next/static/chunks/node_modules_next_dist_f3530cac._.js:2297
[ 1100249ms] [LOG] [Fast Refresh] done in 35ms @ http://localhost:3001/_next/static/chunks/node_modules_next_dist_f3530cac._.js:2297
[ 1101314ms] [LOG] [Fast Refresh] rebuilding @ http://localhost:3001/_next/static/chunks/node_modules_next_dist_f3530cac._.js:2297
[ 1101342ms] [LOG] [Fast Refresh] done in 24ms @ http://localhost:3001/_next/static/chunks/node_modules_next_dist_f3530cac._.js:2297
[ 1102563ms] [LOG] [Fast Refresh] rebuilding @ http://localhost:3001/_next/static/chunks/node_modules_next_dist_f3530cac._.js:2297
[ 1102675ms] [LOG] [Fast Refresh] done in 42ms @ http://localhost:3001/_next/static/chunks/node_modules_next_dist_f3530cac._.js:2297
[ 1104472ms] [LOG] [Fast Refresh] rebuilding @ http://localhost:3001/_next/static/chunks/node_modules_next_dist_f3530cac._.js:2297
[ 1104500ms] [LOG] [Fast Refresh] done in 25ms @ http://localhost:3001/_next/static/chunks/node_modules_next_dist_f3530cac._.js:2297
[ 1105591ms] [LOG] [Fast Refresh] rebuilding @ http://localhost:3001/_next/static/chunks/node_modules_next_dist_f3530cac._.js:2297
[ 1105619ms] [LOG] [Fast Refresh] done in 27ms @ http://localhost:3001/_next/static/chunks/node_modules_next_dist_f3530cac._.js:2297
[ 1127119ms] [LOG] [Fast Refresh] rebuilding @ http://localhost:3001/_next/static/chunks/node_modules_next_dist_f3530cac._.js:2297
[ 1127215ms] [LOG] [Fast Refresh] done in 35ms @ http://localhost:3001/_next/static/chunks/node_modules_next_dist_f3530cac._.js:2297
[ 1128990ms] [LOG] [Fast Refresh] rebuilding @ http://localhost:3001/_next/static/chunks/node_modules_next_dist_f3530cac._.js:2297
[ 1129159ms] [LOG] [Fast Refresh] done in 20ms @ http://localhost:3001/_next/static/chunks/node_modules_next_dist_f3530cac._.js:2297
[ 1134965ms] [LOG] [Fast Refresh] rebuilding @ http://localhost:3001/_next/static/chunks/node_modules_next_dist_f3530cac._.js:2297
[ 1135061ms] [LOG] [Fast Refresh] done in 116ms @ http://localhost:3001/_next/static/chunks/node_modules_next_dist_f3530cac._.js:2297
[ 1135292ms] [LOG] [Fast Refresh] rebuilding @ http://localhost:3001/_next/static/chunks/node_modules_next_dist_f3530cac._.js:2297
[ 1135316ms] [LOG] [Fast Refresh] done in 125ms @ http://localhost:3001/_next/static/chunks/node_modules_next_dist_f3530cac._.js:2297
[ 1160196ms] [LOG] [Fast Refresh] rebuilding @ http://localhost:3001/_next/static/chunks/node_modules_next_dist_f3530cac._.js:2297
[ 1160343ms] [LOG] [Fast Refresh] done in 39ms @ http://localhost:3001/_next/static/chunks/node_modules_next_dist_f3530cac._.js:2297
[ 1212238ms] [LOG] [Fast Refresh] rebuilding @ http://localhost:3001/_next/static/chunks/node_modules_next_dist_f3530cac._.js:2297
[ 1212279ms] [LOG] [Fast Refresh] done in 142ms @ http://localhost:3001/_next/static/chunks/node_modules_next_dist_f3530cac._.js:2297
